<?xml version="1.0" encoding="UTF-8"?>
<!-- Generated by org.testng.reporters.JUnitReportReporter -->
<testsuite skipped="0" hostname="KSI049" name="orangeHRM.ProjectHRM.AppTest" tests="3" failures="0" timestamp="17 Jul 2019 11:46:01 GMT" time="7.603" errors="0">
  <testcase name="login" time="3.222" classname="orangeHRM.ProjectHRM.AppTest"/>
  <testcase name="verifyAdminFunctionality" time="4.381" classname="orangeHRM.ProjectHRM.AppTest"/>
  <testcase name="verifysearchbyusername" time="0.000" classname="orangeHRM.ProjectHRM.AppTest"/>
</testsuite> <!-- orangeHRM.ProjectHRM.AppTest -->
